2291
1366
2896
2598
2405
1804
2233
2185
2496
2461
2230
2154
2798
2256
2507
1939
1974
3082
3231
3370
2619
2524
2425
2157
1714
2059
2655
2759
2422
2063
2181
2071
2318
2040
1775
1763
1755
1916
1707
1830
2182
2107
2009
2019
1868
2032
1835
1767
1676
1720
1600
1825
1760
1739
1777
1796
2088
2047
2043
2131
1882
2023
2049
2053
2209
2512
2394
2452
2631
2639
2669
2509
2449
2632
2576
2435
2274
2234
2269
1841
2003
2123
3116
3658
3321
3087
2907
2975
2888
2607
2356
2350
2161
2011
1910
1955
1901
1895
2060
2162
2214
2476
2329
1903
1917
1819
1887
1847
1862
1846
1816
1816
2089
1891
2036
1720
1530
1441
1685
1566
1648
1364
1404
1409
1399
1142
879
1194
1026
820
750
661
527
462
344
427
114
114
114
114
114
215
84
84
244
48
48
48
48
48
203
94
107
107
107
93
93
93
93
156
156
156
156
676
605
651
607
581
131
460
605
435
764
443
443
719
852
760
610
552
875
913
916
994
956
1009
1158
910
765
290
290
1227
833
607
685
559
629
636
583
402
396
457
304
433
369
395
338
287
265
273
264
208
190
185
306
272
259
242
245
233
204
183
159
159
159
1
1
1
1
1
1
1
1
1
1
1
1
1
730
3021
4241
4175
4504
4386
4498
5024
819
819
819
2170
3625
4209
4375
4553
4281
3738
3470
3419
3620
3581
4588
4813
4867
5181
4710
4781
4737
5000
4988
5027
4776
5087
5161
5154
5154
5090
4551
4852
4671
3401
4631
4625
4907
4720
5030
4647
4223
4721
4493
4846
4420
4561
4579
4440
4798
4355
4612
4631
4279
4645
4555
4930
4540
4660
4480
4150
4399
4900
4074
4662
4428
4648
4795
4506
3442
3762
3836
4046
3971
4005
4532
4313
4601
4563
4594
4698
4412
4424
4622
4452
4399
4363
4046
4412
4200
4210
4326
4228
4058
4308
4466
3871
3859
3985
4357
4300
4483
4333
4409
4530
4486
4203
4590
4471
4471
5200
4831
5306
4765
5376
4705
5319
4274
5087
4351
5188
4092
4277
4811
4152
4449
4267
4107
3947
4025
4112
4106
4006
4454
4128
3643
4142
3935
3713
3913
3707
3897
4260
4366
3902
4234
2873
3567
3406
3699
4053
3516
3296
2400
3056
3512
3976
3924
3408
3212
4377
4347
3874
3410
3253
3137
3131
2383
2550
2909
2638
2200
2037
2132
1985
1765
1474
1488
1641
1792
1477
1923
2426
1909
1980
2034
1808
2013
1941
2078
2593
2386
2221
1976
1976
2295
2311
2209
2141
2051
2369
2674
2598
2437
2694
2641
2832
2778
2505
2608
2753
2487
2890
3099
3268
3227
2657
2551
3004
3182
2771
2689
2777
3102
2769
3107
3414
3094
2972
2817
3479
3816
4004
4761
4253
4347
3742
3534
3432
3641
3440
3649
3618
4210
4246
4131
3956
3993
3380
4097
